2014/09/14 19:22:15 [warning] [application] Failed to set unsafe attribute "image" of "Item".
in C:\OpenServer\domains\resume-test\protected\controllers\ItemController.php (66)
in C:\OpenServer\domains\resume-test\index.php (13)
2014/09/14 19:22:21 [error] [exception.CHttpException.404] exception 'CHttpException' with message 'Unable to resolve the request "images/small/5.jpg".' in C:\OpenServer\domains\resume-test\framework\web\CWebApplication.php:286
Stack trace:
#0 C:\OpenServer\domains\resume-test\framework\web\CWebApplication.php(141): CWebApplication->runController('images/small/5....')
#1 C:\OpenServer\domains\resume-test\framework\base\CApplication.php(180): CWebApplication->processRequest()
#2 C:\OpenServer\domains\resume-test\index.php(13): CApplication->run()
#3 {main}
REQUEST_URI=/images/small/5.jpg
HTTP_REFERER=http://resume-test/item/admin
---
2014/09/14 19:24:17 [warning] [application] Failed to set unsafe attribute "image" of "Item".
in C:\OpenServer\domains\resume-test\protected\controllers\ItemController.php (66)
in C:\OpenServer\domains\resume-test\index.php (13)
2014/09/14 19:26:56 [warning] [application] Failed to set unsafe attribute "image" of "Item".
in C:\OpenServer\domains\resume-test\protected\controllers\ItemController.php (66)
in C:\OpenServer\domains\resume-test\index.php (13)
2014/09/14 19:27:01 [error] [exception.CHttpException.404] exception 'CHttpException' with message 'Unable to resolve the request "images/small/5.jpg".' in C:\OpenServer\domains\resume-test\framework\web\CWebApplication.php:286
Stack trace:
#0 C:\OpenServer\domains\resume-test\framework\web\CWebApplication.php(141): CWebApplication->runController('images/small/5....')
#1 C:\OpenServer\domains\resume-test\framework\base\CApplication.php(180): CWebApplication->processRequest()
#2 C:\OpenServer\domains\resume-test\index.php(13): CApplication->run()
#3 {main}
REQUEST_URI=/images/small/5.jpg
HTTP_REFERER=http://resume-test/item/admin
---
2014/09/14 19:29:02 [warning] [application] Failed to set unsafe attribute "image" of "Item".
in C:\OpenServer\domains\resume-test\protected\controllers\ItemController.php (66)
in C:\OpenServer\domains\resume-test\index.php (13)
2014/09/14 19:29:22 [warning] [application] Failed to set unsafe attribute "image" of "Item".
in C:\OpenServer\domains\resume-test\protected\controllers\ItemController.php (92)
in C:\OpenServer\domains\resume-test\index.php (13)
2014/09/14 19:42:32 [warning] [application] Failed to set unsafe attribute "image" of "Item".
in C:\OpenServer\domains\resume-test\protected\controllers\ItemController.php (66)
in C:\OpenServer\domains\resume-test\index.php (13)
2014/09/14 19:42:52 [warning] [application] Failed to set unsafe attribute "image" of "Item".
in C:\OpenServer\domains\resume-test\protected\controllers\ItemController.php (66)
in C:\OpenServer\domains\resume-test\index.php (13)
2014/09/14 19:43:12 [warning] [application] Failed to set unsafe attribute "image" of "Item".
in C:\OpenServer\domains\resume-test\protected\controllers\ItemController.php (66)
in C:\OpenServer\domains\resume-test\index.php (13)
2014/09/14 19:43:27 [warning] [application] Failed to set unsafe attribute "image" of "Item".
in C:\OpenServer\domains\resume-test\protected\controllers\ItemController.php (66)
in C:\OpenServer\domains\resume-test\index.php (13)
2014/09/14 19:43:52 [warning] [application] Failed to set unsafe attribute "image" of "Item".
in C:\OpenServer\domains\resume-test\protected\controllers\ItemController.php (66)
in C:\OpenServer\domains\resume-test\index.php (13)
2014/09/14 19:43:58 [warning] [application] Failed to set unsafe attribute "image" of "Item".
in C:\OpenServer\domains\resume-test\protected\controllers\ItemController.php (66)
in C:\OpenServer\domains\resume-test\index.php (13)
2014/09/14 19:44:13 [warning] [application] Failed to set unsafe attribute "image" of "Item".
in C:\OpenServer\domains\resume-test\protected\controllers\ItemController.php (66)
in C:\OpenServer\domains\resume-test\index.php (13)
2014/09/14 19:44:29 [warning] [application] Failed to set unsafe attribute "image" of "Item".
in C:\OpenServer\domains\resume-test\protected\controllers\ItemController.php (66)
in C:\OpenServer\domains\resume-test\index.php (13)
2014/09/14 19:46:48 [error] [exception.CHttpException.403] exception 'CHttpException' with message 'You are not authorized to perform this action.' in C:\OpenServer\domains\resume-test\framework\web\auth\CAccessControlFilter.php:182
Stack trace:
#0 C:\OpenServer\domains\resume-test\framework\web\auth\CAccessControlFilter.php(145): CAccessControlFilter->accessDenied(Object(WebUser), 'You are not aut...')
#1 C:\OpenServer\domains\resume-test\framework\web\filters\CFilter.php(38): CAccessControlFilter->preFilter(Object(CFilterChain))
#2 C:\OpenServer\domains\resume-test\framework\web\CController.php(1145): CFilter->filter(Object(CFilterChain))
#3 C:\OpenServer\domains\resume-test\framework\web\filters\CInlineFilter.php(58): CController->filterAccessControl(Object(CFilterChain))
#4 C:\OpenServer\domains\resume-test\framework\web\filters\CFilterChain.php(130): CInlineFilter->filter(Object(CFilterChain))
#5 C:\OpenServer\domains\resume-test\framework\web\CController.php(291): CFilterChain->run()
#6 C:\OpenServer\domains\resume-test\framework\web\CController.php(265): CController->runActionWithFilters(Object(CInlineAction), Array)
#7 C:\OpenServer\domains\resume-test\framework\web\CWebApplication.php(282): CController->run('myitems')
#8 C:\OpenServer\domains\resume-test\framework\web\CWebApplication.php(141): CWebApplication->runController('item/myitems')
#9 C:\OpenServer\domains\resume-test\framework\base\CApplication.php(180): CWebApplication->processRequest()
#10 C:\OpenServer\domains\resume-test\index.php(13): CApplication->run()
#11 {main}
REQUEST_URI=/item/myitems
HTTP_REFERER=http://resume-test/item
---
2014/09/14 19:47:36 [error] [exception.CHttpException.404] exception 'CHttpException' with message 'The system is unable to find the requested action "myitems".' in C:\OpenServer\domains\resume-test\framework\web\CController.php:483
Stack trace:
#0 C:\OpenServer\domains\resume-test\framework\web\CController.php(270): CController->missingAction('myitems')
#1 C:\OpenServer\domains\resume-test\framework\web\CWebApplication.php(282): CController->run('myitems')
#2 C:\OpenServer\domains\resume-test\framework\web\CWebApplication.php(141): CWebApplication->runController('item/myitems')
#3 C:\OpenServer\domains\resume-test\framework\base\CApplication.php(180): CWebApplication->processRequest()
#4 C:\OpenServer\domains\resume-test\index.php(13): CApplication->run()
#5 {main}
REQUEST_URI=/item/myitems
HTTP_REFERER=http://resume-test/item
---
2014/09/14 20:03:12 [error] [exception.CHttpException.404] exception 'CHttpException' with message 'Unable to resolve the request "favicon.ico".' in C:\OpenServer\domains\callboard\framework\web\CWebApplication.php:286
Stack trace:
#0 C:\OpenServer\domains\callboard\framework\web\CWebApplication.php(141): CWebApplication->runController('favicon.ico')
#1 C:\OpenServer\domains\callboard\framework\base\CApplication.php(180): CWebApplication->processRequest()
#2 C:\OpenServer\domains\callboard\index.php(13): CApplication->run()
#3 {main}
REQUEST_URI=/favicon.ico
---
